Line 1 numbers: 2,3
Line 1 total: 23
Calibration number is now: 23
Line 2 numbers: 6,7,2
Line 2 total: 62
Calibration number is now: 85
Line 3 numbers: 8
Line 3 total: 88
Calibration number is now: 173
Line 4 numbers: 2,3,6
Line 4 total: 26
Calibration number is now: 199
Line 5 numbers: 5,8,5
Line 5 total: 55
Calibration number is now: 254
Line 6 numbers: 1
Line 6 total: 11
Calibration number is now: 265
Line 7 numbers: 2,6
Line 7 total: 26
Calibration number is now: 291
Line 8 numbers: 5
Line 8 total: 55
Calibration number is now: 346
Line 9 numbers: 3,5
Line 9 total: 35
Calibration number is now: 381
Line 10 numbers: 6,3,5
Line 10 total: 65
Calibration number is now: 446
Line 11 numbers: 2
Line 11 total: 22
Calibration number is now: 468
Line 12 numbers: 6,8
Line 12 total: 68
Calibration number is now: 536
Line 13 numbers: 1,4
Line 13 total: 14
Calibration number is now: 550
Line 14 numbers: 5,9
Line 14 total: 59
Calibration number is now: 609
Line 15 numbers: 6,7
Line 15 total: 67
Calibration number is now: 676
Line 16 numbers: 5,3,9,8
Line 16 total: 58
Calibration number is now: 734
Line 17 numbers: 8,9,8
Line 17 total: 88
Calibration number is now: 822
Line 18 numbers: 4,3,7
Line 18 total: 47
Calibration number is now: 869
Line 19 numbers: 6,7
Line 19 total: 67
Calibration number is now: 936
Line 20 numbers: 9,1,3
Line 20 total: 93
Calibration number is now: 1029
Line 21 numbers: 7
Line 21 total: 77
Calibration number is now: 1106
Line 22 numbers: 6,8,8,2
Line 22 total: 62
Calibration number is now: 1168
Line 23 numbers: 5
Line 23 total: 55
Calibration number is now: 1223
Line 24 numbers: 8,7
Line 24 total: 87
Calibration number is now: 1310
Line 25 numbers: 8,9
Line 25 total: 89
Calibration number is now: 1399
Line 26 numbers: 3
Line 26 total: 33
Calibration number is now: 1432
Line 27 numbers: 8
Line 27 total: 88
Calibration number is now: 1520
Line 28 numbers: 4,2
Line 28 total: 42
Calibration number is now: 1562
Line 29 numbers: 7,1,1
Line 29 total: 71
Calibration number is now: 1633
Line 30 numbers: 1
Line 30 total: 11
Calibration number is now: 1644
Line 31 numbers: 1,2
Line 31 total: 12
Calibration number is now: 1656
Line 32 numbers: 1,4,8,6,2,5
Line 32 total: 15
Calibration number is now: 1671
Line 33 numbers: 3
Line 33 total: 33
Calibration number is now: 1704
Line 34 numbers: 1,7,3,9
Line 34 total: 19
Calibration number is now: 1723
Line 35 numbers: 5
Line 35 total: 55
Calibration number is now: 1778
Line 36 numbers: 5,7,8
Line 36 total: 58
Calibration number is now: 1836
Line 37 numbers: 3
Line 37 total: 33
Calibration number is now: 1869
Line 38 numbers: 3,2,6
Line 38 total: 36
Calibration number is now: 1905
Line 39 numbers: 5,5,2,9
Line 39 total: 59
Calibration number is now: 1964
Line 40 numbers: 7
Line 40 total: 77
Calibration number is now: 2041
Line 41 numbers: 4
Line 41 total: 44
Calibration number is now: 2085
Line 42 numbers: 7
Line 42 total: 77
Calibration number is now: 2162
Line 43 numbers: 8,6
Line 43 total: 86
Calibration number is now: 2248
Line 44 numbers: 2
Line 44 total: 22
Calibration number is now: 2270
Line 45 numbers: 8,8
Line 45 total: 88
Calibration number is now: 2358
Line 46 numbers: 6
Line 46 total: 66
Calibration number is now: 2424
Line 47 numbers: 5,3
Line 47 total: 53
Calibration number is now: 2477
Line 48 numbers: 2
Line 48 total: 22
Calibration number is now: 2499
Line 49 numbers: 2
Line 49 total: 22
Calibration number is now: 2521
Line 50 numbers: 1,6
Line 50 total: 16
Calibration number is now: 2537
Line 51 numbers: 7,3
Line 51 total: 73
Calibration number is now: 2610
Line 52 numbers: 5
Line 52 total: 55
Calibration number is now: 2665
Line 53 numbers: 8,5,9
Line 53 total: 89
Calibration number is now: 2754
Line 54 numbers: 2,6,8,7,7
Line 54 total: 27
Calibration number is now: 2781
Line 55 numbers: 7
Line 55 total: 77
Calibration number is now: 2858
Line 56 numbers: 9,5
Line 56 total: 95
Calibration number is now: 2953
Line 57 numbers: 7
Line 57 total: 77
Calibration number is now: 3030
Line 58 numbers: 5,5
Line 58 total: 55
Calibration number is now: 3085
Line 59 numbers: 1
Line 59 total: 11
Calibration number is now: 3096
Line 60 numbers: 6,9,9,3,2
Line 60 total: 62
Calibration number is now: 3158
Line 61 numbers: 2,5
Line 61 total: 25
Calibration number is now: 3183
Line 62 numbers: 8,3,9
Line 62 total: 89
Calibration number is now: 3272
Line 63 numbers: 7
Line 63 total: 77
Calibration number is now: 3349
Line 64 numbers: 9,4,3
Line 64 total: 93
Calibration number is now: 3442
Line 65 numbers: 8,3,3,3
Line 65 total: 83
Calibration number is now: 3525
Line 66 numbers: 8,1,2,8
Line 66 total: 88
Calibration number is now: 3613
Line 67 numbers: 5,3
Line 67 total: 53
Calibration number is now: 3666
Line 68 numbers: 9
Line 68 total: 99
Calibration number is now: 3765
Line 69 numbers: 4,9
Line 69 total: 49
Calibration number is now: 3814
Line 70 numbers: 1,1
Line 70 total: 11
Calibration number is now: 3825
Line 71 numbers: 9,4,8,5
Line 71 total: 95
Calibration number is now: 3920
Line 72 numbers: 9
Line 72 total: 99
Calibration number is now: 4019
Line 73 numbers: 3,2,1,8
Line 73 total: 38
Calibration number is now: 4057
Line 74 numbers: 3,8
Line 74 total: 38
Calibration number is now: 4095
Line 75 numbers: 1,3,9
Line 75 total: 19
Calibration number is now: 4114
Line 76 numbers: 1,2,6
Line 76 total: 16
Calibration number is now: 4130
Line 77 numbers: 2,8
Line 77 total: 28
Calibration number is now: 4158
Line 78 numbers: 3,7
Line 78 total: 37
Calibration number is now: 4195
Line 79 numbers: 6
Line 79 total: 66
Calibration number is now: 4261
Line 80 numbers: 9
Line 80 total: 99
Calibration number is now: 4360
Line 81 numbers: 8
Line 81 total: 88
Calibration number is now: 4448
Line 82 numbers: 7,4
Line 82 total: 74
Calibration number is now: 4522
Line 83 numbers: 4,7
Line 83 total: 47
Calibration number is now: 4569
Line 84 numbers: 5,7,9
Line 84 total: 59
Calibration number is now: 4628
Line 85 numbers: 4,1
Line 85 total: 41
Calibration number is now: 4669
Line 86 numbers: 4,1,4,8,7
Line 86 total: 47
Calibration number is now: 4716
Line 87 numbers: 1,9
Line 87 total: 19
Calibration number is now: 4735
Line 88 numbers: 8,6,1
Line 88 total: 81
Calibration number is now: 4816
Line 89 numbers: 4,1,3
Line 89 total: 43
Calibration number is now: 4859
Line 90 numbers: 7,3,5
Line 90 total: 75
Calibration number is now: 4934
Line 91 numbers: 7,3
Line 91 total: 73
Calibration number is now: 5007
Line 92 numbers: 9
Line 92 total: 99
Calibration number is now: 5106
Line 93 numbers: 9,4
Line 93 total: 94
Calibration number is now: 5200
Line 94 numbers: 9,9
Line 94 total: 99
Calibration number is now: 5299
Line 95 numbers: 1
Line 95 total: 11
Calibration number is now: 5310
Line 96 numbers: 7,6,8,3,6,5
Line 96 total: 75
Calibration number is now: 5385
Line 97 numbers: 4,5,6
Line 97 total: 46
Calibration number is now: 5431
Line 98 numbers: 4
Line 98 total: 44
Calibration number is now: 5475
Line 99 numbers: 7,7
Line 99 total: 77
Calibration number is now: 5552
Line 100 numbers: 7
Line 100 total: 77
Calibration number is now: 5629
Line 101 numbers: 3,7
Line 101 total: 37
Calibration number is now: 5666
Line 102 numbers: 5
Line 102 total: 55
Calibration number is now: 5721
Line 103 numbers: 5,9
Line 103 total: 59
Calibration number is now: 5780
Line 104 numbers: 1
Line 104 total: 11
Calibration number is now: 5791
Line 105 numbers: 9,3
Line 105 total: 93
Calibration number is now: 5884
Line 106 numbers: 7,6
Line 106 total: 76
Calibration number is now: 5960
Line 107 numbers: 3,6
Line 107 total: 36
Calibration number is now: 5996
Line 108 numbers: 6,2
Line 108 total: 62
Calibration number is now: 6058
Line 109 numbers: 7
Line 109 total: 77
Calibration number is now: 6135
Line 110 numbers: 5
Line 110 total: 55
Calibration number is now: 6190
Line 111 numbers: 1,3
Line 111 total: 13
Calibration number is now: 6203
Line 112 numbers: 8,1
Line 112 total: 81
Calibration number is now: 6284
Line 113 numbers: 2,8
Line 113 total: 28
Calibration number is now: 6312
Line 114 numbers: 3,8
Line 114 total: 38
Calibration number is now: 6350
Line 115 numbers: 9,4,1
Line 115 total: 91
Calibration number is now: 6441
Line 116 numbers: 1,2
Line 116 total: 12
Calibration number is now: 6453
Line 117 numbers: 6
Line 117 total: 66
Calibration number is now: 6519
Line 118 numbers: 3,7,7,6
Line 118 total: 36
Calibration number is now: 6555
Line 119 numbers: 4,1
Line 119 total: 41
Calibration number is now: 6596
Line 120 numbers: 2
Line 120 total: 22
Calibration number is now: 6618
Line 121 numbers: 3,5
Line 121 total: 35
Calibration number is now: 6653
Line 122 numbers: 5
Line 122 total: 55
Calibration number is now: 6708
Line 123 numbers: 9,5,8,9
Line 123 total: 99
Calibration number is now: 6807
Line 124 numbers: 7,9
Line 124 total: 79
Calibration number is now: 6886
Line 125 numbers: 3,2,6
Line 125 total: 36
Calibration number is now: 6922
Line 126 numbers: 1,1
Line 126 total: 11
Calibration number is now: 6933
Line 127 numbers: 1
Line 127 total: 11
Calibration number is now: 6944
Line 128 numbers: 6,1,5
Line 128 total: 65
Calibration number is now: 7009
Line 129 numbers: 3,7,4
Line 129 total: 34
Calibration number is now: 7043
Line 130 numbers: 9,9,9
Line 130 total: 99
Calibration number is now: 7142
Line 131 numbers: 6,3,4
Line 131 total: 64
Calibration number is now: 7206
Line 132 numbers: 9,9
Line 132 total: 99
Calibration number is now: 7305
Line 133 numbers: 2
Line 133 total: 22
Calibration number is now: 7327
Line 134 numbers: 8,9,2
Line 134 total: 82
Calibration number is now: 7409
Line 135 numbers: 8,7,7
Line 135 total: 87
Calibration number is now: 7496
Line 136 numbers: 2,1,8
Line 136 total: 28
Calibration number is now: 7524
Line 137 numbers: 8,9,3,1
Line 137 total: 81
Calibration number is now: 7605
Line 138 numbers: 9
Line 138 total: 99
Calibration number is now: 7704
Line 139 numbers: 8
Line 139 total: 88
Calibration number is now: 7792
Line 140 numbers: 5,6
Line 140 total: 56
Calibration number is now: 7848
Line 141 numbers: 4,5
Line 141 total: 45
Calibration number is now: 7893
Line 142 numbers: 1
Line 142 total: 11
Calibration number is now: 7904
Line 143 numbers: 7,1
Line 143 total: 71
Calibration number is now: 7975
Line 144 numbers: 2,9,9,7,5
Line 144 total: 25
Calibration number is now: 8000
Line 145 numbers: 2,9,9,8
Line 145 total: 28
Calibration number is now: 8028
Line 146 numbers: 3,4,8
Line 146 total: 38
Calibration number is now: 8066
Line 147 numbers: 1,5
Line 147 total: 15
Calibration number is now: 8081
Line 148 numbers: 8
Line 148 total: 88
Calibration number is now: 8169
Line 149 numbers: 4,8
Line 149 total: 48
Calibration number is now: 8217
Line 150 numbers: 2,5
Line 150 total: 25
Calibration number is now: 8242
Line 151 numbers: 5,6
Line 151 total: 56
Calibration number is now: 8298
Line 152 numbers: 1,1,2,8
Line 152 total: 18
Calibration number is now: 8316
Line 153 numbers: 7,3,9,4,1
Line 153 total: 71
Calibration number is now: 8387
Line 154 numbers: 6
Line 154 total: 66
Calibration number is now: 8453
Line 155 numbers: 7
Line 155 total: 77
Calibration number is now: 8530
Line 156 numbers: 2,2
Line 156 total: 22
Calibration number is now: 8552
Line 157 numbers: 5,6,5
Line 157 total: 55
Calibration number is now: 8607
Line 158 numbers: 8
Line 158 total: 88
Calibration number is now: 8695
Line 159 numbers: 9
Line 159 total: 99
Calibration number is now: 8794
Line 160 numbers: 2,7
Line 160 total: 27
Calibration number is now: 8821
Line 161 numbers: 3,2,3
Line 161 total: 33
Calibration number is now: 8854
Line 162 numbers: 5,8
Line 162 total: 58
Calibration number is now: 8912
Line 163 numbers: 4,4,3,5
Line 163 total: 45
Calibration number is now: 8957
Line 164 numbers: 8
Line 164 total: 88
Calibration number is now: 9045
Line 165 numbers: 3,5
Line 165 total: 35
Calibration number is now: 9080
Line 166 numbers: 3
Line 166 total: 33
Calibration number is now: 9113
Line 167 numbers: 4,1
Line 167 total: 41
Calibration number is now: 9154
Line 168 numbers: 5,8,9,3,1
Line 168 total: 51
Calibration number is now: 9205
Line 169 numbers: 6
Line 169 total: 66
Calibration number is now: 9271
Line 170 numbers: 1
Line 170 total: 11
Calibration number is now: 9282
Line 171 numbers: 1,7
Line 171 total: 17
Calibration number is now: 9299
Line 172 numbers: 7,8,6
Line 172 total: 76
Calibration number is now: 9375
Line 173 numbers: 7
Line 173 total: 77
Calibration number is now: 9452
Line 174 numbers: 2,2
Line 174 total: 22
Calibration number is now: 9474
Line 175 numbers: 3,3
Line 175 total: 33
Calibration number is now: 9507
Line 176 numbers: 1
Line 176 total: 11
Calibration number is now: 9518
Line 177 numbers: 5
Line 177 total: 55
Calibration number is now: 9573
Line 178 numbers: 6,4
Line 178 total: 64
Calibration number is now: 9637
Line 179 numbers: 2
Line 179 total: 22
Calibration number is now: 9659
Line 180 numbers: 7,7,9
Line 180 total: 79
Calibration number is now: 9738
Line 181 numbers: 1,4
Line 181 total: 14
Calibration number is now: 9752
Line 182 numbers: 8,1,4
Line 182 total: 84
Calibration number is now: 9836
Line 183 numbers: 6
Line 183 total: 66
Calibration number is now: 9902
Line 184 numbers: 8,8
Line 184 total: 88
Calibration number is now: 9990
Line 185 numbers: 3,9
Line 185 total: 39
Calibration number is now: 10029
Line 186 numbers: 5
Line 186 total: 55
Calibration number is now: 10084
Line 187 numbers: 1,6
Line 187 total: 16
Calibration number is now: 10100
Line 188 numbers: 6,5,2,5
Line 188 total: 65
Calibration number is now: 10165
Line 189 numbers: 7,9,9
Line 189 total: 79
Calibration number is now: 10244
Line 190 numbers: 6
Line 190 total: 66
Calibration number is now: 10310
Line 191 numbers: 4,8,3
Line 191 total: 43
Calibration number is now: 10353
Line 192 numbers: 4,8
Line 192 total: 48
Calibration number is now: 10401
Line 193 numbers: 4,6,7,9,7,4
Line 193 total: 44
Calibration number is now: 10445
Line 194 numbers: 4,3,8,7
Line 194 total: 47
Calibration number is now: 10492
Line 195 numbers: 7,7,4,3
Line 195 total: 73
Calibration number is now: 10565
Line 196 numbers: 1
Line 196 total: 11
Calibration number is now: 10576
Line 197 numbers: 5,4
Line 197 total: 54
Calibration number is now: 10630
Line 198 numbers: 4
Line 198 total: 44
Calibration number is now: 10674
Line 199 numbers: 1,6
Line 199 total: 16
Calibration number is now: 10690
Line 200 numbers: 3,2
Line 200 total: 32
Calibration number is now: 10722
Line 201 numbers: 8,7,5,2
Line 201 total: 82
Calibration number is now: 10804
Line 202 numbers: 4,6
Line 202 total: 46
Calibration number is now: 10850
Line 203 numbers: 1,7
Line 203 total: 17
Calibration number is now: 10867
Line 204 numbers: 1,9
Line 204 total: 19
Calibration number is now: 10886
Line 205 numbers: 2,7
Line 205 total: 27
Calibration number is now: 10913
Line 206 numbers: 5
Line 206 total: 55
Calibration number is now: 10968
Line 207 numbers: 1,1,8
Line 207 total: 18
Calibration number is now: 10986
Line 208 numbers: 2
Line 208 total: 22
Calibration number is now: 11008
Line 209 numbers: 2,4,6
Line 209 total: 26
Calibration number is now: 11034
Line 210 numbers: 5,2
Line 210 total: 52
Calibration number is now: 11086
Line 211 numbers: 3
Line 211 total: 33
Calibration number is now: 11119
Line 212 numbers: 7,2,6,3
Line 212 total: 73
Calibration number is now: 11192
Line 213 numbers: 1
Line 213 total: 11
Calibration number is now: 11203
Line 214 numbers: 1,2,2
Line 214 total: 12
Calibration number is now: 11215
Line 215 numbers: 8,8,4
Line 215 total: 84
Calibration number is now: 11299
Line 216 numbers: 5
Line 216 total: 55
Calibration number is now: 11354
Line 217 numbers: 5,6,9,4,3
Line 217 total: 53
Calibration number is now: 11407
Line 218 numbers: 7,9
Line 218 total: 79
Calibration number is now: 11486
Line 219 numbers: 5,6,7,5
Line 219 total: 55
Calibration number is now: 11541
Line 220 numbers: 3,6,8,9
Line 220 total: 39
Calibration number is now: 11580
Line 221 numbers: 5,6,8,5
Line 221 total: 55
Calibration number is now: 11635
Line 222 numbers: 9,4,3
Line 222 total: 93
Calibration number is now: 11728
Line 223 numbers: 6,6
Line 223 total: 66
Calibration number is now: 11794
Line 224 numbers: 5
Line 224 total: 55
Calibration number is now: 11849
Line 225 numbers: 5,2,8,7,2
Line 225 total: 52
Calibration number is now: 11901
Line 226 numbers: 2,1
Line 226 total: 21
Calibration number is now: 11922
Line 227 numbers: 9,8,1,6
Line 227 total: 96
Calibration number is now: 12018
Line 228 numbers: 9,4
Line 228 total: 94
Calibration number is now: 12112
Line 229 numbers: 8,4,6,6
Line 229 total: 86
Calibration number is now: 12198
Line 230 numbers: 5,3,7
Line 230 total: 57
Calibration number is now: 12255
Line 231 numbers: 9,2
Line 231 total: 92
Calibration number is now: 12347
Line 232 numbers: 6
Line 232 total: 66
Calibration number is now: 12413
Line 233 numbers: 8
Line 233 total: 88
Calibration number is now: 12501
Line 234 numbers: 8,7
Line 234 total: 87
Calibration number is now: 12588
Line 235 numbers: 3
Line 235 total: 33
Calibration number is now: 12621
Line 236 numbers: 8,7,6,6
Line 236 total: 86
Calibration number is now: 12707
Line 237 numbers: 6
Line 237 total: 66
Calibration number is now: 12773
Line 238 numbers: 3
Line 238 total: 33
Calibration number is now: 12806
Line 239 numbers: 9
Line 239 total: 99
Calibration number is now: 12905
Line 240 numbers: 4,5,9,5
Line 240 total: 45
Calibration number is now: 12950
Line 241 numbers: 4,9
Line 241 total: 49
Calibration number is now: 12999
Line 242 numbers: 6,6,8
Line 242 total: 68
Calibration number is now: 13067
Line 243 numbers: 6
Line 243 total: 66
Calibration number is now: 13133
Line 244 numbers: 1,4
Line 244 total: 14
Calibration number is now: 13147
Line 245 numbers: 5,2
Line 245 total: 52
Calibration number is now: 13199
Line 246 numbers: 6
Line 246 total: 66
Calibration number is now: 13265
Line 247 numbers: 5,3
Line 247 total: 53
Calibration number is now: 13318
Line 248 numbers: 9,3,3,6
Line 248 total: 96
Calibration number is now: 13414
Line 249 numbers: 5,4,2
Line 249 total: 52
Calibration number is now: 13466
Line 250 numbers: 7,1
Line 250 total: 71
Calibration number is now: 13537
Line 251 numbers: 2,9,5
Line 251 total: 25
Calibration number is now: 13562
Line 252 numbers: 3,3,7
Line 252 total: 37
Calibration number is now: 13599
Line 253 numbers: 7,9
Line 253 total: 79
Calibration number is now: 13678
Line 254 numbers: 9,4
Line 254 total: 94
Calibration number is now: 13772
Line 255 numbers: 9,4
Line 255 total: 94
Calibration number is now: 13866
Line 256 numbers: 8
Line 256 total: 88
Calibration number is now: 13954
Line 257 numbers: 7,4,1
Line 257 total: 71
Calibration number is now: 14025
Line 258 numbers: 2
Line 258 total: 22
Calibration number is now: 14047
Line 259 numbers: 6,6
Line 259 total: 66
Calibration number is now: 14113
Line 260 numbers: 7
Line 260 total: 77
Calibration number is now: 14190
Line 261 numbers: 9,6,9
Line 261 total: 99
Calibration number is now: 14289
Line 262 numbers: 7
Line 262 total: 77
Calibration number is now: 14366
Line 263 numbers: 4,1,1,3
Line 263 total: 43
Calibration number is now: 14409
Line 264 numbers: 2
Line 264 total: 22
Calibration number is now: 14431
Line 265 numbers: 8
Line 265 total: 88
Calibration number is now: 14519
Line 266 numbers: 9,5,3,5,3
Line 266 total: 93
Calibration number is now: 14612
Line 267 numbers: 3,5,9
Line 267 total: 39
Calibration number is now: 14651
Line 268 numbers: 3,3,6
Line 268 total: 36
Calibration number is now: 14687
Line 269 numbers: 7
Line 269 total: 77
Calibration number is now: 14764
Line 270 numbers: 3,6,5
Line 270 total: 35
Calibration number is now: 14799
Line 271 numbers: 4,7
Line 271 total: 47
Calibration number is now: 14846
Line 272 numbers: 7,3
Line 272 total: 73
Calibration number is now: 14919
Line 273 numbers: 1,2,2
Line 273 total: 12
Calibration number is now: 14931
Line 274 numbers: 6,8
Line 274 total: 68
Calibration number is now: 14999
Line 275 numbers: 3,5
Line 275 total: 35
Calibration number is now: 15034
Line 276 numbers: 8,6
Line 276 total: 86
Calibration number is now: 15120
Line 277 numbers: 6,3
Line 277 total: 63
Calibration number is now: 15183
Line 278 numbers: 5
Line 278 total: 55
Calibration number is now: 15238
Line 279 numbers: 1,7,6,3
Line 279 total: 13
Calibration number is now: 15251
Line 280 numbers: 4,5
Line 280 total: 45
Calibration number is now: 15296
Line 281 numbers: 6,3,6
Line 281 total: 66
Calibration number is now: 15362
Line 282 numbers: 8
Line 282 total: 88
Calibration number is now: 15450
Line 283 numbers: 4,6
Line 283 total: 46
Calibration number is now: 15496
Line 284 numbers: 9,7
Line 284 total: 97
Calibration number is now: 15593
Line 285 numbers: 6,6
Line 285 total: 66
Calibration number is now: 15659
Line 286 numbers: 6,7
Line 286 total: 67
Calibration number is now: 15726
Line 287 numbers: 1,2
Line 287 total: 12
Calibration number is now: 15738
Line 288 numbers: 2
Line 288 total: 22
Calibration number is now: 15760
Line 289 numbers: 9,8
Line 289 total: 98
Calibration number is now: 15858
Line 290 numbers: 5
Line 290 total: 55
Calibration number is now: 15913
Line 291 numbers: 5,1,1
Line 291 total: 51
Calibration number is now: 15964
Line 292 numbers: 8,8,3
Line 292 total: 83
Calibration number is now: 16047
Line 293 numbers: 8,2,7,6
Line 293 total: 86
Calibration number is now: 16133
Line 294 numbers: 9,3
Line 294 total: 93
Calibration number is now: 16226
Line 295 numbers: 7,8,1
Line 295 total: 71
Calibration number is now: 16297
Line 296 numbers: 8
Line 296 total: 88
Calibration number is now: 16385
Line 297 numbers: 8
Line 297 total: 88
Calibration number is now: 16473
Line 298 numbers: 1
Line 298 total: 11
Calibration number is now: 16484
Line 299 numbers: 3,5,7
Line 299 total: 37
Calibration number is now: 16521
Line 300 numbers: 7,7
Line 300 total: 77
Calibration number is now: 16598
Line 301 numbers: 5
Line 301 total: 55
Calibration number is now: 16653
Line 302 numbers: 2,2,7,3
Line 302 total: 23
Calibration number is now: 16676
Line 303 numbers: 5,4
Line 303 total: 54
Calibration number is now: 16730
Line 304 numbers: 4,6,1
Line 304 total: 41
Calibration number is now: 16771
Line 305 numbers: 4
Line 305 total: 44
Calibration number is now: 16815
Line 306 numbers: 8,8
Line 306 total: 88
Calibration number is now: 16903
Line 307 numbers: 1,1
Line 307 total: 11
Calibration number is now: 16914
Line 308 numbers: 9,9
Line 308 total: 99
Calibration number is now: 17013
Line 309 numbers: 1,8,2,4
Line 309 total: 14
Calibration number is now: 17027
Line 310 numbers: 3,9
Line 310 total: 39
Calibration number is now: 17066
Line 311 numbers: 6,4,7,6,4
Line 311 total: 64
Calibration number is now: 17130
Line 312 numbers: 1
Line 312 total: 11
Calibration number is now: 17141
Line 313 numbers: 3,2
Line 313 total: 32
Calibration number is now: 17173
Line 314 numbers: 7
Line 314 total: 77
Calibration number is now: 17250
Line 315 numbers: 8
Line 315 total: 88
Calibration number is now: 17338
Line 316 numbers: 6,7
Line 316 total: 67
Calibration number is now: 17405
Line 317 numbers: 4
Line 317 total: 44
Calibration number is now: 17449
Line 318 numbers: 5,2,8
Line 318 total: 58
Calibration number is now: 17507
Line 319 numbers: 2,2,4
Line 319 total: 24
Calibration number is now: 17531
Line 320 numbers: 9
Line 320 total: 99
Calibration number is now: 17630
Line 321 numbers: 9,8
Line 321 total: 98
Calibration number is now: 17728
Line 322 numbers: 8,3,4,1
Line 322 total: 81
Calibration number is now: 17809
Line 323 numbers: 5
Line 323 total: 55
Calibration number is now: 17864
Line 324 numbers: 1,6
Line 324 total: 16
Calibration number is now: 17880
Line 325 numbers: 7
Line 325 total: 77
Calibration number is now: 17957
Line 326 numbers: 7,6,6
Line 326 total: 76
Calibration number is now: 18033
Line 327 numbers: 1,9
Line 327 total: 19
Calibration number is now: 18052
Line 328 numbers: 6,6
Line 328 total: 66
Calibration number is now: 18118
Line 329 numbers: 2,5,2,1
Line 329 total: 21
Calibration number is now: 18139
Line 330 numbers: 3,1
Line 330 total: 31
Calibration number is now: 18170
Line 331 numbers: 4
Line 331 total: 44
Calibration number is now: 18214
Line 332 numbers: 8
Line 332 total: 88
Calibration number is now: 18302
Line 333 numbers: 7
Line 333 total: 77
Calibration number is now: 18379
Line 334 numbers: 7,4,3,4,9
Line 334 total: 79
Calibration number is now: 18458
Line 335 numbers: 3
Line 335 total: 33
Calibration number is now: 18491
Line 336 numbers: 3
Line 336 total: 33
Calibration number is now: 18524
Line 337 numbers: 6,3
Line 337 total: 63
Calibration number is now: 18587
Line 338 numbers: 9,3,3,1
Line 338 total: 91
Calibration number is now: 18678
Line 339 numbers: 5
Line 339 total: 55
Calibration number is now: 18733
Line 340 numbers: 5
Line 340 total: 55
Calibration number is now: 18788
Line 341 numbers: 5
Line 341 total: 55
Calibration number is now: 18843
Line 342 numbers: 2,2
Line 342 total: 22
Calibration number is now: 18865
Line 343 numbers: 7
Line 343 total: 77
Calibration number is now: 18942
Line 344 numbers: 2
Line 344 total: 22
Calibration number is now: 18964
Line 345 numbers: 7,5,9,3
Line 345 total: 73
Calibration number is now: 19037
Line 346 numbers: 4,6
Line 346 total: 46
Calibration number is now: 19083
Line 347 numbers: 2,1,3,9
Line 347 total: 29
Calibration number is now: 19112
Line 348 numbers: 9,8
Line 348 total: 98
Calibration number is now: 19210
Line 349 numbers: 1,6,5,3,1
Line 349 total: 11
Calibration number is now: 19221
Line 350 numbers: 5,6
Line 350 total: 56
Calibration number is now: 19277
Line 351 numbers: 3,1
Line 351 total: 31
Calibration number is now: 19308
Line 352 numbers: 7
Line 352 total: 77
Calibration number is now: 19385
Line 353 numbers: 6
Line 353 total: 66
Calibration number is now: 19451
Line 354 numbers: 9,4
Line 354 total: 94
Calibration number is now: 19545
Line 355 numbers: 2,8,1
Line 355 total: 21
Calibration number is now: 19566
Line 356 numbers: 4,5
Line 356 total: 45
Calibration number is now: 19611
Line 357 numbers: 8,5
Line 357 total: 85
Calibration number is now: 19696
Line 358 numbers: 9,3,2
Line 358 total: 92
Calibration number is now: 19788
Line 359 numbers: 6,1
Line 359 total: 61
Calibration number is now: 19849
Line 360 numbers: 2,3
Line 360 total: 23
Calibration number is now: 19872
Line 361 numbers: 9
Line 361 total: 99
Calibration number is now: 19971
Line 362 numbers: 9,2,8,6
Line 362 total: 96
Calibration number is now: 20067
Line 363 numbers: 3
Line 363 total: 33
Calibration number is now: 20100
Line 364 numbers: 9
Line 364 total: 99
Calibration number is now: 20199
Line 365 numbers: 2
Line 365 total: 22
Calibration number is now: 20221
Line 366 numbers: 5,4
Line 366 total: 54
Calibration number is now: 20275
Line 367 numbers: 7
Line 367 total: 77
Calibration number is now: 20352
Line 368 numbers: 8
Line 368 total: 88
Calibration number is now: 20440
Line 369 numbers: 7,5
Line 369 total: 75
Calibration number is now: 20515
Line 370 numbers: 4
Line 370 total: 44
Calibration number is now: 20559
Line 371 numbers: 6,2
Line 371 total: 62
Calibration number is now: 20621
Line 372 numbers: 3,2
Line 372 total: 32
Calibration number is now: 20653
Line 373 numbers: 4,3
Line 373 total: 43
Calibration number is now: 20696
Line 374 numbers: 4,4
Line 374 total: 44
Calibration number is now: 20740
Line 375 numbers: 6
Line 375 total: 66
Calibration number is now: 20806
Line 376 numbers: 8
Line 376 total: 88
Calibration number is now: 20894
Line 377 numbers: 3,3
Line 377 total: 33
Calibration number is now: 20927
Line 378 numbers: 1,2,5
Line 378 total: 15
Calibration number is now: 20942
Line 379 numbers: 5,2,1
Line 379 total: 51
Calibration number is now: 20993
Line 380 numbers: 6
Line 380 total: 66
Calibration number is now: 21059
Line 381 numbers: 4
Line 381 total: 44
Calibration number is now: 21103
Line 382 numbers: 2,3
Line 382 total: 23
Calibration number is now: 21126
Line 383 numbers: 2,6,1,1
Line 383 total: 21
Calibration number is now: 21147
Line 384 numbers: 7
Line 384 total: 77
Calibration number is now: 21224
Line 385 numbers: 3,5,5
Line 385 total: 35
Calibration number is now: 21259
Line 386 numbers: 7,3,4,7
Line 386 total: 77
Calibration number is now: 21336
Line 387 numbers: 4,6
Line 387 total: 46
Calibration number is now: 21382
Line 388 numbers: 7,2
Line 388 total: 72
Calibration number is now: 21454
Line 389 numbers: 2,8
Line 389 total: 28
Calibration number is now: 21482
Line 390 numbers: 6,6
Line 390 total: 66
Calibration number is now: 21548
Line 391 numbers: 4,4
Line 391 total: 44
Calibration number is now: 21592
Line 392 numbers: 7,8,9,1
Line 392 total: 71
Calibration number is now: 21663
Line 393 numbers: 7,8
Line 393 total: 78
Calibration number is now: 21741
Line 394 numbers: 6
Line 394 total: 66
Calibration number is now: 21807
Line 395 numbers: 8,1,8
Line 395 total: 88
Calibration number is now: 21895
Line 396 numbers: 4
Line 396 total: 44
Calibration number is now: 21939
Line 397 numbers: 4,4,7,7,1
Line 397 total: 41
Calibration number is now: 21980
Line 398 numbers: 6,7,6,2,6,5,4
Line 398 total: 64
Calibration number is now: 22044
Line 399 numbers: 3,2
Line 399 total: 32
Calibration number is now: 22076
Line 400 numbers: 2,2
Line 400 total: 22
Calibration number is now: 22098
Line 401 numbers: 9
Line 401 total: 99
Calibration number is now: 22197
Line 402 numbers: 4,2
Line 402 total: 42
Calibration number is now: 22239
Line 403 numbers: 9,1,2
Line 403 total: 92
Calibration number is now: 22331
Line 404 numbers: 5,6
Line 404 total: 56
Calibration number is now: 22387
Line 405 numbers: 7,8
Line 405 total: 78
Calibration number is now: 22465
Line 406 numbers: 2,4
Line 406 total: 24
Calibration number is now: 22489
Line 407 numbers: 7
Line 407 total: 77
Calibration number is now: 22566
Line 408 numbers: 4,5,7,6
Line 408 total: 46
Calibration number is now: 22612
Line 409 numbers: 2,5,9
Line 409 total: 29
Calibration number is now: 22641
Line 410 numbers: 8,6
Line 410 total: 86
Calibration number is now: 22727
Line 411 numbers: 2,5,8
Line 411 total: 28
Calibration number is now: 22755
Line 412 numbers: 2,3,2
Line 412 total: 22
Calibration number is now: 22777
Line 413 numbers: 5,2
Line 413 total: 52
Calibration number is now: 22829
Line 414 numbers: 5
Line 414 total: 55
Calibration number is now: 22884
Line 415 numbers: 9
Line 415 total: 99
Calibration number is now: 22983
Line 416 numbers: 7
Line 416 total: 77
Calibration number is now: 23060
Line 417 numbers: 6
Line 417 total: 66
Calibration number is now: 23126
Line 418 numbers: 3,7,3,7
Line 418 total: 37
Calibration number is now: 23163
Line 419 numbers: 1,3,7,8
Line 419 total: 18
Calibration number is now: 23181
Line 420 numbers: 6
Line 420 total: 66
Calibration number is now: 23247
Line 421 numbers: 5
Line 421 total: 55
Calibration number is now: 23302
Line 422 numbers: 1
Line 422 total: 11
Calibration number is now: 23313
Line 423 numbers: 1
Line 423 total: 11
Calibration number is now: 23324
Line 424 numbers: 4
Line 424 total: 44
Calibration number is now: 23368
Line 425 numbers: 9
Line 425 total: 99
Calibration number is now: 23467
Line 426 numbers: 5,7,1
Line 426 total: 51
Calibration number is now: 23518
Line 427 numbers: 9
Line 427 total: 99
Calibration number is now: 23617
Line 428 numbers: 5,5,2
Line 428 total: 52
Calibration number is now: 23669
Line 429 numbers: 9
Line 429 total: 99
Calibration number is now: 23768
Line 430 numbers: 9,9,1
Line 430 total: 91
Calibration number is now: 23859
Line 431 numbers: 9
Line 431 total: 99
Calibration number is now: 23958
Line 432 numbers: 5
Line 432 total: 55
Calibration number is now: 24013
Line 433 numbers: 8,2
Line 433 total: 82
Calibration number is now: 24095
Line 434 numbers: 5,5,4
Line 434 total: 54
Calibration number is now: 24149
Line 435 numbers: 4,3,8,6
Line 435 total: 46
Calibration number is now: 24195
Line 436 numbers: 7,1
Line 436 total: 71
Calibration number is now: 24266
Line 437 numbers: 7
Line 437 total: 77
Calibration number is now: 24343
Line 438 numbers: 5,6,1
Line 438 total: 51
Calibration number is now: 24394
Line 439 numbers: 6
Line 439 total: 66
Calibration number is now: 24460
Line 440 numbers: 6,5,2
Line 440 total: 62
Calibration number is now: 24522
Line 441 numbers: 3,2
Line 441 total: 32
Calibration number is now: 24554
Line 442 numbers: 7
Line 442 total: 77
Calibration number is now: 24631
Line 443 numbers: 8
Line 443 total: 88
Calibration number is now: 24719
Line 444 numbers: 4
Line 444 total: 44
Calibration number is now: 24763
Line 445 numbers: 3,6,4
Line 445 total: 34
Calibration number is now: 24797
Line 446 numbers: 2,1
Line 446 total: 21
Calibration number is now: 24818
Line 447 numbers: 4,5,8
Line 447 total: 48
Calibration number is now: 24866
Line 448 numbers: 4
Line 448 total: 44
Calibration number is now: 24910
Line 449 numbers: 5,6,7,3
Line 449 total: 53
Calibration number is now: 24963
Line 450 numbers: 6,8,8,9,5,7
Line 450 total: 67
Calibration number is now: 25030
Line 451 numbers: 2
Line 451 total: 22
Calibration number is now: 25052
Line 452 numbers: 1,8
Line 452 total: 18
Calibration number is now: 25070
Line 453 numbers: 4,9
Line 453 total: 49
Calibration number is now: 25119
Line 454 numbers: 3
Line 454 total: 33
Calibration number is now: 25152
Line 455 numbers: 4,2,8,4
Line 455 total: 44
Calibration number is now: 25196
Line 456 numbers: 7,2
Line 456 total: 72
Calibration number is now: 25268
Line 457 numbers: 9
Line 457 total: 99
Calibration number is now: 25367
Line 458 numbers: 7,9,5,7
Line 458 total: 77
Calibration number is now: 25444
Line 459 numbers: 4,7,7,9
Line 459 total: 49
Calibration number is now: 25493
Line 460 numbers: 1,6,4
Line 460 total: 14
Calibration number is now: 25507
Line 461 numbers: 1,2,1,4
Line 461 total: 14
Calibration number is now: 25521
Line 462 numbers: 4,7
Line 462 total: 47
Calibration number is now: 25568
Line 463 numbers: 4
Line 463 total: 44
Calibration number is now: 25612
Line 464 numbers: 4,7
Line 464 total: 47
Calibration number is now: 25659
Line 465 numbers: 4,2,2
Line 465 total: 42
Calibration number is now: 25701
Line 466 numbers: 4,8
Line 466 total: 48
Calibration number is now: 25749
Line 467 numbers: 5,4,2,6
Line 467 total: 56
Calibration number is now: 25805
Line 468 numbers: 6,3
Line 468 total: 63
Calibration number is now: 25868
Line 469 numbers: 1,1,5,9,4
Line 469 total: 14
Calibration number is now: 25882
Line 470 numbers: 8,6
Line 470 total: 86
Calibration number is now: 25968
Line 471 numbers: 2,1,1
Line 471 total: 21
Calibration number is now: 25989
Line 472 numbers: 6,3
Line 472 total: 63
Calibration number is now: 26052
Line 473 numbers: 9,2,5
Line 473 total: 95
Calibration number is now: 26147
Line 474 numbers: 8,1,2
Line 474 total: 82
Calibration number is now: 26229
Line 475 numbers: 5,4,1,9,7
Line 475 total: 57
Calibration number is now: 26286
Line 476 numbers: 5
Line 476 total: 55
Calibration number is now: 26341
Line 477 numbers: 4,1
Line 477 total: 41
Calibration number is now: 26382
Line 478 numbers: 8,2,9,8
Line 478 total: 88
Calibration number is now: 26470
Line 479 numbers: 4
Line 479 total: 44
Calibration number is now: 26514
Line 480 numbers: 4,6
Line 480 total: 46
Calibration number is now: 26560
Line 481 numbers: 9,8
Line 481 total: 98
Calibration number is now: 26658
Line 482 numbers: 9,4,4
Line 482 total: 94
Calibration number is now: 26752
Line 483 numbers: 9,2,4
Line 483 total: 94
Calibration number is now: 26846
Line 484 numbers: 7,8,5,2,8
Line 484 total: 78
Calibration number is now: 26924
Line 485 numbers: 1
Line 485 total: 11
Calibration number is now: 26935
Line 486 numbers: 4,5,5,4
Line 486 total: 44
Calibration number is now: 26979
Line 487 numbers: 2,4
Line 487 total: 24
Calibration number is now: 27003
Line 488 numbers: 8,8,3
Line 488 total: 83
Calibration number is now: 27086
Line 489 numbers: 7,2
Line 489 total: 72
Calibration number is now: 27158
Line 490 numbers: 5,6,5
Line 490 total: 55
Calibration number is now: 27213
Line 491 numbers: 5,4
Line 491 total: 54
Calibration number is now: 27267
Line 492 numbers: 9,8,3,1
Line 492 total: 91
Calibration number is now: 27358
Line 493 numbers: 4,2,9,7
Line 493 total: 47
Calibration number is now: 27405
Line 494 numbers: 1,2,6
Line 494 total: 16
Calibration number is now: 27421
Line 495 numbers: 9,7
Line 495 total: 97
Calibration number is now: 27518
Line 496 numbers: 6
Line 496 total: 66
Calibration number is now: 27584
Line 497 numbers: 2
Line 497 total: 22
Calibration number is now: 27606
Line 498 numbers: 6,8,7
Line 498 total: 67
Calibration number is now: 27673
Line 499 numbers: 6,4
Line 499 total: 64
Calibration number is now: 27737
Line 500 numbers: 9,3
Line 500 total: 93
Calibration number is now: 27830
Line 501 numbers: 2,9,1
Line 501 total: 21
Calibration number is now: 27851
Line 502 numbers: 6,3
Line 502 total: 63
Calibration number is now: 27914
Line 503 numbers: 6
Line 503 total: 66
Calibration number is now: 27980
Line 504 numbers: 1,8
Line 504 total: 18
Calibration number is now: 27998
Line 505 numbers: 2,3
Line 505 total: 23
Calibration number is now: 28021
Line 506 numbers: 3,7
Line 506 total: 37
Calibration number is now: 28058
Line 507 numbers: 2,4
Line 507 total: 24
Calibration number is now: 28082
Line 508 numbers: 9
Line 508 total: 99
Calibration number is now: 28181
Line 509 numbers: 4,9,2,3
Line 509 total: 43
Calibration number is now: 28224
Line 510 numbers: 1
Line 510 total: 11
Calibration number is now: 28235
Line 511 numbers: 3
Line 511 total: 33
Calibration number is now: 28268
Line 512 numbers: 2,4
Line 512 total: 24
Calibration number is now: 28292
Line 513 numbers: 6,6
Line 513 total: 66
Calibration number is now: 28358
Line 514 numbers: 8,7
Line 514 total: 87
Calibration number is now: 28445
Line 515 numbers: 8,6,7,6,8,5,7
Line 515 total: 87
Calibration number is now: 28532
Line 516 numbers: 9,6
Line 516 total: 96
Calibration number is now: 28628
Line 517 numbers: 9,6
Line 517 total: 96
Calibration number is now: 28724
Line 518 numbers: 5,3,2,3,6
Line 518 total: 56
Calibration number is now: 28780
Line 519 numbers: 5
Line 519 total: 55
Calibration number is now: 28835
Line 520 numbers: 2,8,4,7
Line 520 total: 27
Calibration number is now: 28862
Line 521 numbers: 4,9,1
Line 521 total: 41
Calibration number is now: 28903
Line 522 numbers: 4
Line 522 total: 44
Calibration number is now: 28947
Line 523 numbers: 3,3,9
Line 523 total: 39
Calibration number is now: 28986
Line 524 numbers: 9
Line 524 total: 99
Calibration number is now: 29085
Line 525 numbers: 7,3
Line 525 total: 73
Calibration number is now: 29158
Line 526 numbers: 5
Line 526 total: 55
Calibration number is now: 29213
Line 527 numbers: 7,5,1
Line 527 total: 71
Calibration number is now: 29284
Line 528 numbers: 5
Line 528 total: 55
Calibration number is now: 29339
Line 529 numbers: 7,4
Line 529 total: 74
Calibration number is now: 29413
Line 530 numbers: 9,2,4
Line 530 total: 94
Calibration number is now: 29507
Line 531 numbers: 3,6
Line 531 total: 36
Calibration number is now: 29543
Line 532 numbers: 5
Line 532 total: 55
Calibration number is now: 29598
Line 533 numbers: 4
Line 533 total: 44
Calibration number is now: 29642
Line 534 numbers: 2,7,3
Line 534 total: 23
Calibration number is now: 29665
Line 535 numbers: 4,4,9,4,7
Line 535 total: 47
Calibration number is now: 29712
Line 536 numbers: 3
Line 536 total: 33
Calibration number is now: 29745
Line 537 numbers: 4
Line 537 total: 44
Calibration number is now: 29789
Line 538 numbers: 1
Line 538 total: 11
Calibration number is now: 29800
Line 539 numbers: 2
Line 539 total: 22
Calibration number is now: 29822
Line 540 numbers: 6,5
Line 540 total: 65
Calibration number is now: 29887
Line 541 numbers: 6
Line 541 total: 66
Calibration number is now: 29953
Line 542 numbers: 7
Line 542 total: 77
Calibration number is now: 30030
Line 543 numbers: 6
Line 543 total: 66
Calibration number is now: 30096
Line 544 numbers: 4,9,2
Line 544 total: 42
Calibration number is now: 30138
Line 545 numbers: 1,8,9,7,7
Line 545 total: 17
Calibration number is now: 30155
Line 546 numbers: 3
Line 546 total: 33
Calibration number is now: 30188
Line 547 numbers: 5,4,6
Line 547 total: 56
Calibration number is now: 30244
Line 548 numbers: 7,4,7
Line 548 total: 77
Calibration number is now: 30321
Line 549 numbers: 1,9
Line 549 total: 19
Calibration number is now: 30340
Line 550 numbers: 4
Line 550 total: 44
Calibration number is now: 30384
Line 551 numbers: 8,9
Line 551 total: 89
Calibration number is now: 30473
Line 552 numbers: 2,9
Line 552 total: 29
Calibration number is now: 30502
Line 553 numbers: 6,3
Line 553 total: 63
Calibration number is now: 30565
Line 554 numbers: 2,7,1
Line 554 total: 21
Calibration number is now: 30586
Line 555 numbers: 4
Line 555 total: 44
Calibration number is now: 30630
Line 556 numbers: 1
Line 556 total: 11
Calibration number is now: 30641
Line 557 numbers: 3,6,7
Line 557 total: 37
Calibration number is now: 30678
Line 558 numbers: 4
Line 558 total: 44
Calibration number is now: 30722
Line 559 numbers: 5,3,6
Line 559 total: 56
Calibration number is now: 30778
Line 560 numbers: 8,9,1
Line 560 total: 81
Calibration number is now: 30859
Line 561 numbers: 9,6
Line 561 total: 96
Calibration number is now: 30955
Line 562 numbers: 1
Line 562 total: 11
Calibration number is now: 30966
Line 563 numbers: 8,9
Line 563 total: 89
Calibration number is now: 31055
Line 564 numbers: 5,7
Line 564 total: 57
Calibration number is now: 31112
Line 565 numbers: 5,5
Line 565 total: 55
Calibration number is now: 31167
Line 566 numbers: 7,9
Line 566 total: 79
Calibration number is now: 31246
Line 567 numbers: 4,5,6
Line 567 total: 46
Calibration number is now: 31292
Line 568 numbers: 4,9
Line 568 total: 49
Calibration number is now: 31341
Line 569 numbers: 7,6,9
Line 569 total: 79
Calibration number is now: 31420
Line 570 numbers: 2
Line 570 total: 22
Calibration number is now: 31442
Line 571 numbers: 2,7
Line 571 total: 27
Calibration number is now: 31469
Line 572 numbers: 1,2
Line 572 total: 12
Calibration number is now: 31481
Line 573 numbers: 6
Line 573 total: 66
Calibration number is now: 31547
Line 574 numbers: 3,4
Line 574 total: 34
Calibration number is now: 31581
Line 575 numbers: 3,6,5,7
Line 575 total: 37
Calibration number is now: 31618
Line 576 numbers: 1
Line 576 total: 11
Calibration number is now: 31629
Line 577 numbers: 7
Line 577 total: 77
Calibration number is now: 31706
Line 578 numbers: 7,6,1,4
Line 578 total: 74
Calibration number is now: 31780
Line 579 numbers: 4
Line 579 total: 44
Calibration number is now: 31824
Line 580 numbers: 4,5,2
Line 580 total: 42
Calibration number is now: 31866
Line 581 numbers: 5,9,7,5
Line 581 total: 55
Calibration number is now: 31921
Line 582 numbers: 3,5
Line 582 total: 35
Calibration number is now: 31956
Line 583 numbers: 4
Line 583 total: 44
Calibration number is now: 32000
Line 584 numbers: 3,9,1
Line 584 total: 31
Calibration number is now: 32031
Line 585 numbers: 9,9,2
Line 585 total: 92
Calibration number is now: 32123
Line 586 numbers: 3,3
Line 586 total: 33
Calibration number is now: 32156
Line 587 numbers: 6,8
Line 587 total: 68
Calibration number is now: 32224
Line 588 numbers: 4,8,8,7
Line 588 total: 47
Calibration number is now: 32271
Line 589 numbers: 7,9
Line 589 total: 79
Calibration number is now: 32350
Line 590 numbers: 4,9,2
Line 590 total: 42
Calibration number is now: 32392
Line 591 numbers: 9,3,4
Line 591 total: 94
Calibration number is now: 32486
Line 592 numbers: 9
Line 592 total: 99
Calibration number is now: 32585
Line 593 numbers: 2,2
Line 593 total: 22
Calibration number is now: 32607
Line 594 numbers: 3,7,9
Line 594 total: 39
Calibration number is now: 32646
Line 595 numbers: 5
Line 595 total: 55
Calibration number is now: 32701
Line 596 numbers: 7,1
Line 596 total: 71
Calibration number is now: 32772
Line 597 numbers: 3,1
Line 597 total: 31
Calibration number is now: 32803
Line 598 numbers: 3
Line 598 total: 33
Calibration number is now: 32836
Line 599 numbers: 2
Line 599 total: 22
Calibration number is now: 32858
Line 600 numbers: 5
Line 600 total: 55
Calibration number is now: 32913
Line 601 numbers: 7,7
Line 601 total: 77
Calibration number is now: 32990
Line 602 numbers: 1
Line 602 total: 11
Calibration number is now: 33001
Line 603 numbers: 2
Line 603 total: 22
Calibration number is now: 33023
Line 604 numbers: 5,4,2,5,5
Line 604 total: 55
Calibration number is now: 33078
Line 605 numbers: 8
Line 605 total: 88
Calibration number is now: 33166
Line 606 numbers: 5,6,9
Line 606 total: 59
Calibration number is now: 33225
Line 607 numbers: 1,5
Line 607 total: 15
Calibration number is now: 33240
Line 608 numbers: 1,6
Line 608 total: 16
Calibration number is now: 33256
Line 609 numbers: 2,4,9
Line 609 total: 29
Calibration number is now: 33285
Line 610 numbers: 7,8,2
Line 610 total: 72
Calibration number is now: 33357
Line 611 numbers: 1
Line 611 total: 11
Calibration number is now: 33368
Line 612 numbers: 2,3
Line 612 total: 23
Calibration number is now: 33391
Line 613 numbers: 5,8,6
Line 613 total: 56
Calibration number is now: 33447
Line 614 numbers: 7,3
Line 614 total: 73
Calibration number is now: 33520
Line 615 numbers: 3,3,9
Line 615 total: 39
Calibration number is now: 33559
Line 616 numbers: 9
Line 616 total: 99
Calibration number is now: 33658
Line 617 numbers: 8,8,9,9,9
Line 617 total: 89
Calibration number is now: 33747
Line 618 numbers: 9
Line 618 total: 99
Calibration number is now: 33846
Line 619 numbers: 9,1,1,9
Line 619 total: 99
Calibration number is now: 33945
Line 620 numbers: 3,2,2
Line 620 total: 32
Calibration number is now: 33977
Line 621 numbers: 5
Line 621 total: 55
Calibration number is now: 34032
Line 622 numbers: 3,3,6
Line 622 total: 36
Calibration number is now: 34068
Line 623 numbers: 6
Line 623 total: 66
Calibration number is now: 34134
Line 624 numbers: 7,7,9
Line 624 total: 79
Calibration number is now: 34213
Line 625 numbers: 3,3,2,9
Line 625 total: 39
Calibration number is now: 34252
Line 626 numbers: 9,6,9
Line 626 total: 99
Calibration number is now: 34351
Line 627 numbers: 2
Line 627 total: 22
Calibration number is now: 34373
Line 628 numbers: 7,4
Line 628 total: 74
Calibration number is now: 34447
Line 629 numbers: 1,9
Line 629 total: 19
Calibration number is now: 34466
Line 630 numbers: 6
Line 630 total: 66
Calibration number is now: 34532
Line 631 numbers: 1
Line 631 total: 11
Calibration number is now: 34543
Line 632 numbers: 5
Line 632 total: 55
Calibration number is now: 34598
Line 633 numbers: 2,9
Line 633 total: 29
Calibration number is now: 34627
Line 634 numbers: 4,6,4
Line 634 total: 44
Calibration number is now: 34671
Line 635 numbers: 1,4
Line 635 total: 14
Calibration number is now: 34685
Line 636 numbers: 6
Line 636 total: 66
Calibration number is now: 34751
Line 637 numbers: 7
Line 637 total: 77
Calibration number is now: 34828
Line 638 numbers: 7
Line 638 total: 77
Calibration number is now: 34905
Line 639 numbers: 3,4,3,4,1
Line 639 total: 31
Calibration number is now: 34936
Line 640 numbers: 5,9,4
Line 640 total: 54
Calibration number is now: 34990
Line 641 numbers: 8,5,3,4,8
Line 641 total: 88
Calibration number is now: 35078
Line 642 numbers: 8
Line 642 total: 88
Calibration number is now: 35166
Line 643 numbers: 4,9
Line 643 total: 49
Calibration number is now: 35215
Line 644 numbers: 8,9
Line 644 total: 89
Calibration number is now: 35304
Line 645 numbers: 5,7,6,1
Line 645 total: 51
Calibration number is now: 35355
Line 646 numbers: 8,9
Line 646 total: 89
Calibration number is now: 35444
Line 647 numbers: 5,7,5
Line 647 total: 55
Calibration number is now: 35499
Line 648 numbers: 3
Line 648 total: 33
Calibration number is now: 35532
Line 649 numbers: 1,2,1
Line 649 total: 11
Calibration number is now: 35543
Line 650 numbers: 6
Line 650 total: 66
Calibration number is now: 35609
Line 651 numbers: 2
Line 651 total: 22
Calibration number is now: 35631
Line 652 numbers: 6
Line 652 total: 66
Calibration number is now: 35697
Line 653 numbers: 2,4
Line 653 total: 24
Calibration number is now: 35721
Line 654 numbers: 2
Line 654 total: 22
Calibration number is now: 35743
Line 655 numbers: 9,4
Line 655 total: 94
Calibration number is now: 35837
Line 656 numbers: 8,2
Line 656 total: 82
Calibration number is now: 35919
Line 657 numbers: 3
Line 657 total: 33
Calibration number is now: 35952
Line 658 numbers: 8,2,3,7
Line 658 total: 87
Calibration number is now: 36039
Line 659 numbers: 6,5
Line 659 total: 65
Calibration number is now: 36104
Line 660 numbers: 8,6,8
Line 660 total: 88
Calibration number is now: 36192
Line 661 numbers: 8
Line 661 total: 88
Calibration number is now: 36280
Line 662 numbers: 5,7
Line 662 total: 57
Calibration number is now: 36337
Line 663 numbers: 6
Line 663 total: 66
Calibration number is now: 36403
Line 664 numbers: 9,9
Line 664 total: 99
Calibration number is now: 36502
Line 665 numbers: 3,1,3,2
Line 665 total: 32
Calibration number is now: 36534
Line 666 numbers: 3,8,7
Line 666 total: 37
Calibration number is now: 36571
Line 667 numbers: 4
Line 667 total: 44
Calibration number is now: 36615
Line 668 numbers: 5,2
Line 668 total: 52
Calibration number is now: 36667
Line 669 numbers: 1
Line 669 total: 11
Calibration number is now: 36678
Line 670 numbers: 6,6,7,1
Line 670 total: 61
Calibration number is now: 36739
Line 671 numbers: 1,1,2
Line 671 total: 12
Calibration number is now: 36751
Line 672 numbers: 8
Line 672 total: 88
Calibration number is now: 36839
Line 673 numbers: 6
Line 673 total: 66
Calibration number is now: 36905
Line 674 numbers: 2,9,8,5
Line 674 total: 25
Calibration number is now: 36930
Line 675 numbers: 7,9
Line 675 total: 79
Calibration number is now: 37009
Line 676 numbers: 8
Line 676 total: 88
Calibration number is now: 37097
Line 677 numbers: 8,2,5
Line 677 total: 85
Calibration number is now: 37182
Line 678 numbers: 2,9
Line 678 total: 29
Calibration number is now: 37211
Line 679 numbers: 7
Line 679 total: 77
Calibration number is now: 37288
Line 680 numbers: 2
Line 680 total: 22
Calibration number is now: 37310
Line 681 numbers: 5,4,9
Line 681 total: 59
Calibration number is now: 37369
Line 682 numbers: 5,6
Line 682 total: 56
Calibration number is now: 37425
Line 683 numbers: 1,9,7,7
Line 683 total: 17
Calibration number is now: 37442
Line 684 numbers: 4,9,5,4
Line 684 total: 44
Calibration number is now: 37486
Line 685 numbers: 6,7,4,9
Line 685 total: 69
Calibration number is now: 37555
Line 686 numbers: 1,8,4
Line 686 total: 14
Calibration number is now: 37569
Line 687 numbers: 6,5
Line 687 total: 65
Calibration number is now: 37634
Line 688 numbers: 8,3,3
Line 688 total: 83
Calibration number is now: 37717
Line 689 numbers: 4
Line 689 total: 44
Calibration number is now: 37761
Line 690 numbers: 2
Line 690 total: 22
Calibration number is now: 37783
Line 691 numbers: 6,2
Line 691 total: 62
Calibration number is now: 37845
Line 692 numbers: 1,9,1
Line 692 total: 11
Calibration number is now: 37856
Line 693 numbers: 2
Line 693 total: 22
Calibration number is now: 37878
Line 694 numbers: 1,8
Line 694 total: 18
Calibration number is now: 37896
Line 695 numbers: 4
Line 695 total: 44
Calibration number is now: 37940
Line 696 numbers: 3,3
Line 696 total: 33
Calibration number is now: 37973
Line 697 numbers: 3
Line 697 total: 33
Calibration number is now: 38006
Line 698 numbers: 7
Line 698 total: 77
Calibration number is now: 38083
Line 699 numbers: 3
Line 699 total: 33
Calibration number is now: 38116
Line 700 numbers: 3,4
Line 700 total: 34
Calibration number is now: 38150
Line 701 numbers: 7,3,5
Line 701 total: 75
Calibration number is now: 38225
Line 702 numbers: 5,1
Line 702 total: 51
Calibration number is now: 38276
Line 703 numbers: 2,9,6
Line 703 total: 26
Calibration number is now: 38302
Line 704 numbers: 6
Line 704 total: 66
Calibration number is now: 38368
Line 705 numbers: 1,1,5,6
Line 705 total: 16
Calibration number is now: 38384
Line 706 numbers: 2
Line 706 total: 22
Calibration number is now: 38406
Line 707 numbers: 4,1,9,6
Line 707 total: 46
Calibration number is now: 38452
Line 708 numbers: 6
Line 708 total: 66
Calibration number is now: 38518
Line 709 numbers: 9
Line 709 total: 99
Calibration number is now: 38617
Line 710 numbers: 1,8,5,4
Line 710 total: 14
Calibration number is now: 38631
Line 711 numbers: 9
Line 711 total: 99
Calibration number is now: 38730
Line 712 numbers: 2,3
Line 712 total: 23
Calibration number is now: 38753
Line 713 numbers: 3
Line 713 total: 33
Calibration number is now: 38786
Line 714 numbers: 7,7,5,7
Line 714 total: 77
Calibration number is now: 38863
Line 715 numbers: 5
Line 715 total: 55
Calibration number is now: 38918
Line 716 numbers: 1
Line 716 total: 11
Calibration number is now: 38929
Line 717 numbers: 3
Line 717 total: 33
Calibration number is now: 38962
Line 718 numbers: 8,2,7
Line 718 total: 87
Calibration number is now: 39049
Line 719 numbers: 7,1
Line 719 total: 71
Calibration number is now: 39120
Line 720 numbers: 1,2,7
Line 720 total: 17
Calibration number is now: 39137
Line 721 numbers: 6,6
Line 721 total: 66
Calibration number is now: 39203
Line 722 numbers: 7
Line 722 total: 77
Calibration number is now: 39280
Line 723 numbers: 7
Line 723 total: 77
Calibration number is now: 39357
Line 724 numbers: 2,8
Line 724 total: 28
Calibration number is now: 39385
Line 725 numbers: 8,8
Line 725 total: 88
Calibration number is now: 39473
Line 726 numbers: 9,5,9
Line 726 total: 99
Calibration number is now: 39572
Line 727 numbers: 5,6
Line 727 total: 56
Calibration number is now: 39628
Line 728 numbers: 4,6
Line 728 total: 46
Calibration number is now: 39674
Line 729 numbers: 3,3,5,9
Line 729 total: 39
Calibration number is now: 39713
Line 730 numbers: 8,6,7
Line 730 total: 87
Calibration number is now: 39800
Line 731 numbers: 1,7
Line 731 total: 17
Calibration number is now: 39817
Line 732 numbers: 1,9
Line 732 total: 19
Calibration number is now: 39836
Line 733 numbers: 8,5,7
Line 733 total: 87
Calibration number is now: 39923
Line 734 numbers: 7,2
Line 734 total: 72
Calibration number is now: 39995
Line 735 numbers: 8,5
Line 735 total: 85
Calibration number is now: 40080
Line 736 numbers: 6,4,2,6
Line 736 total: 66
Calibration number is now: 40146
Line 737 numbers: 8
Line 737 total: 88
Calibration number is now: 40234
Line 738 numbers: 2,5,6
Line 738 total: 26
Calibration number is now: 40260
Line 739 numbers: 7,2,2,9
Line 739 total: 79
Calibration number is now: 40339
Line 740 numbers: 9
Line 740 total: 99
Calibration number is now: 40438
Line 741 numbers: 2,1
Line 741 total: 21
Calibration number is now: 40459
Line 742 numbers: 1,6
Line 742 total: 16
Calibration number is now: 40475
Line 743 numbers: 5,6,3
Line 743 total: 53
Calibration number is now: 40528
Line 744 numbers: 1
Line 744 total: 11
Calibration number is now: 40539
Line 745 numbers: 6
Line 745 total: 66
Calibration number is now: 40605
Line 746 numbers: 1,8
Line 746 total: 18
Calibration number is now: 40623
Line 747 numbers: 3,8
Line 747 total: 38
Calibration number is now: 40661
Line 748 numbers: 5
Line 748 total: 55
Calibration number is now: 40716
Line 749 numbers: 5,3
Line 749 total: 53
Calibration number is now: 40769
Line 750 numbers: 7,3
Line 750 total: 73
Calibration number is now: 40842
Line 751 numbers: 8,9
Line 751 total: 89
Calibration number is now: 40931
Line 752 numbers: 9
Line 752 total: 99
Calibration number is now: 41030
Line 753 numbers: 7,8
Line 753 total: 78
Calibration number is now: 41108
Line 754 numbers: 9
Line 754 total: 99
Calibration number is now: 41207
Line 755 numbers: 9,1
Line 755 total: 91
Calibration number is now: 41298
Line 756 numbers: 7
Line 756 total: 77
Calibration number is now: 41375
Line 757 numbers: 3,3,4,8
Line 757 total: 38
Calibration number is now: 41413
Line 758 numbers: 7
Line 758 total: 77
Calibration number is now: 41490
Line 759 numbers: 9
Line 759 total: 99
Calibration number is now: 41589
Line 760 numbers: 2
Line 760 total: 22
Calibration number is now: 41611
Line 761 numbers: 9
Line 761 total: 99
Calibration number is now: 41710
Line 762 numbers: 1
Line 762 total: 11
Calibration number is now: 41721
Line 763 numbers: 6,2
Line 763 total: 62
Calibration number is now: 41783
Line 764 numbers: 2,9
Line 764 total: 29
Calibration number is now: 41812
Line 765 numbers: 8,6,5
Line 765 total: 85
Calibration number is now: 41897
Line 766 numbers: 3,1,8,2
Line 766 total: 32
Calibration number is now: 41929
Line 767 numbers: 4,3,3,1
Line 767 total: 41
Calibration number is now: 41970
Line 768 numbers: 5
Line 768 total: 55
Calibration number is now: 42025
Line 769 numbers: 2,3
Line 769 total: 23
Calibration number is now: 42048
Line 770 numbers: 6
Line 770 total: 66
Calibration number is now: 42114
Line 771 numbers: 5,5,3,6,5
Line 771 total: 55
Calibration number is now: 42169
Line 772 numbers: 7,5
Line 772 total: 75
Calibration number is now: 42244
Line 773 numbers: 8,5,7
Line 773 total: 87
Calibration number is now: 42331
Line 774 numbers: 3,1
Line 774 total: 31
Calibration number is now: 42362
Line 775 numbers: 6
Line 775 total: 66
Calibration number is now: 42428
Line 776 numbers: 1
Line 776 total: 11
Calibration number is now: 42439
Line 777 numbers: 6
Line 777 total: 66
Calibration number is now: 42505
Line 778 numbers: 3,2
Line 778 total: 32
Calibration number is now: 42537
Line 779 numbers: 9
Line 779 total: 99
Calibration number is now: 42636
Line 780 numbers: 4,9,3
Line 780 total: 43
Calibration number is now: 42679
Line 781 numbers: 8
Line 781 total: 88
Calibration number is now: 42767
Line 782 numbers: 2,7
Line 782 total: 27
Calibration number is now: 42794
Line 783 numbers: 5,7,7
Line 783 total: 57
Calibration number is now: 42851
Line 784 numbers: 2,3,9,5
Line 784 total: 25
Calibration number is now: 42876
Line 785 numbers: 8,8,9
Line 785 total: 89
Calibration number is now: 42965
Line 786 numbers: 6
Line 786 total: 66
Calibration number is now: 43031
Line 787 numbers: 8,3
Line 787 total: 83
Calibration number is now: 43114
Line 788 numbers: 1,4,5
Line 788 total: 15
Calibration number is now: 43129
Line 789 numbers: 1,6,4
Line 789 total: 14
Calibration number is now: 43143
Line 790 numbers: 2,5,8
Line 790 total: 28
Calibration number is now: 43171
Line 791 numbers: 1
Line 791 total: 11
Calibration number is now: 43182
Line 792 numbers: 7,5
Line 792 total: 75
Calibration number is now: 43257
Line 793 numbers: 7
Line 793 total: 77
Calibration number is now: 43334
Line 794 numbers: 4
Line 794 total: 44
Calibration number is now: 43378
Line 795 numbers: 8,9,9
Line 795 total: 89
Calibration number is now: 43467
Line 796 numbers: 5,9,9
Line 796 total: 59
Calibration number is now: 43526
Line 797 numbers: 5
Line 797 total: 55
Calibration number is now: 43581
Line 798 numbers: 5,3,5
Line 798 total: 55
Calibration number is now: 43636
Line 799 numbers: 3,8,8,9
Line 799 total: 39
Calibration number is now: 43675
Line 800 numbers: 1,1,4,6,3
Line 800 total: 13
Calibration number is now: 43688
Line 801 numbers: 8
Line 801 total: 88
Calibration number is now: 43776
Line 802 numbers: 8,9,6,3
Line 802 total: 83
Calibration number is now: 43859
Line 803 numbers: 2,9
Line 803 total: 29
Calibration number is now: 43888
Line 804 numbers: 4,3,3,1
Line 804 total: 41
Calibration number is now: 43929
Line 805 numbers: 4,7
Line 805 total: 47
Calibration number is now: 43976
Line 806 numbers: 9,2,6
Line 806 total: 96
Calibration number is now: 44072
Line 807 numbers: 1,2
Line 807 total: 12
Calibration number is now: 44084
Line 808 numbers: 2,8
Line 808 total: 28
Calibration number is now: 44112
Line 809 numbers: 3,6,2
Line 809 total: 32
Calibration number is now: 44144
Line 810 numbers: 7,9
Line 810 total: 79
Calibration number is now: 44223
Line 811 numbers: 6,2
Line 811 total: 62
Calibration number is now: 44285
Line 812 numbers: 4
Line 812 total: 44
Calibration number is now: 44329
Line 813 numbers: 8,9,2,8
Line 813 total: 88
Calibration number is now: 44417
Line 814 numbers: 7,4
Line 814 total: 74
Calibration number is now: 44491
Line 815 numbers: 9,7
Line 815 total: 97
Calibration number is now: 44588
Line 816 numbers: 3,2
Line 816 total: 32
Calibration number is now: 44620
Line 817 numbers: 7,6
Line 817 total: 76
Calibration number is now: 44696
Line 818 numbers: 5,6
Line 818 total: 56
Calibration number is now: 44752
Line 819 numbers: 9
Line 819 total: 99
Calibration number is now: 44851
Line 820 numbers: 1,3,9
Line 820 total: 19
Calibration number is now: 44870
Line 821 numbers: 4
Line 821 total: 44
Calibration number is now: 44914
Line 822 numbers: 4,8,4,6,3
Line 822 total: 43
Calibration number is now: 44957
Line 823 numbers: 2,2
Line 823 total: 22
Calibration number is now: 44979
Line 824 numbers: 3,3,1,5
Line 824 total: 35
Calibration number is now: 45014
Line 825 numbers: 6,7,4,6,8
Line 825 total: 68
Calibration number is now: 45082
Line 826 numbers: 9,7
Line 826 total: 97
Calibration number is now: 45179
Line 827 numbers: 7,7
Line 827 total: 77
Calibration number is now: 45256
Line 828 numbers: 7
Line 828 total: 77
Calibration number is now: 45333
Line 829 numbers: 7
Line 829 total: 77
Calibration number is now: 45410
Line 830 numbers: 3,2,7,7
Line 830 total: 37
Calibration number is now: 45447
Line 831 numbers: 3,9,2
Line 831 total: 32
Calibration number is now: 45479
Line 832 numbers: 2,8
Line 832 total: 28
Calibration number is now: 45507
Line 833 numbers: 1
Line 833 total: 11
Calibration number is now: 45518
Line 834 numbers: 6,5,5,1
Line 834 total: 61
Calibration number is now: 45579
Line 835 numbers: 9,1,8
Line 835 total: 98
Calibration number is now: 45677
Line 836 numbers: 6,9
Line 836 total: 69
Calibration number is now: 45746
Line 837 numbers: 5,1,5
Line 837 total: 55
Calibration number is now: 45801
Line 838 numbers: 7
Line 838 total: 77
Calibration number is now: 45878
Line 839 numbers: 4,1,7,4
Line 839 total: 44
Calibration number is now: 45922
Line 840 numbers: 9,2,7,3,2,4
Line 840 total: 94
Calibration number is now: 46016
Line 841 numbers: 2
Line 841 total: 22
Calibration number is now: 46038
Line 842 numbers: 4,6
Line 842 total: 46
Calibration number is now: 46084
Line 843 numbers: 7,8,6,7
Line 843 total: 77
Calibration number is now: 46161
Line 844 numbers: 6,5,8
Line 844 total: 68
Calibration number is now: 46229
Line 845 numbers: 4,2
Line 845 total: 42
Calibration number is now: 46271
Line 846 numbers: 2,3
Line 846 total: 23
Calibration number is now: 46294
Line 847 numbers: 6
Line 847 total: 66
Calibration number is now: 46360
Line 848 numbers: 1
Line 848 total: 11
Calibration number is now: 46371
Line 849 numbers: 9
Line 849 total: 99
Calibration number is now: 46470
Line 850 numbers: 8
Line 850 total: 88
Calibration number is now: 46558
Line 851 numbers: 8,4
Line 851 total: 84
Calibration number is now: 46642
Line 852 numbers: 9,3,7
Line 852 total: 97
Calibration number is now: 46739
Line 853 numbers: 7,4,3,9
Line 853 total: 79
Calibration number is now: 46818
Line 854 numbers: 1
Line 854 total: 11
Calibration number is now: 46829
Line 855 numbers: 7,3,3
Line 855 total: 73
Calibration number is now: 46902
Line 856 numbers: 7,6
Line 856 total: 76
Calibration number is now: 46978
Line 857 numbers: 8,5,5
Line 857 total: 85
Calibration number is now: 47063
Line 858 numbers: 8
Line 858 total: 88
Calibration number is now: 47151
Line 859 numbers: 6,2
Line 859 total: 62
Calibration number is now: 47213
Line 860 numbers: 6,3
Line 860 total: 63
Calibration number is now: 47276
Line 861 numbers: 9,6,9,1,5,7
Line 861 total: 97
Calibration number is now: 47373
Line 862 numbers: 7,1,1
Line 862 total: 71
Calibration number is now: 47444
Line 863 numbers: 9,3
Line 863 total: 93
Calibration number is now: 47537
Line 864 numbers: 6,4,5
Line 864 total: 65
Calibration number is now: 47602
Line 865 numbers: 1
Line 865 total: 11
Calibration number is now: 47613
Line 866 numbers: 9
Line 866 total: 99
Calibration number is now: 47712
Line 867 numbers: 7
Line 867 total: 77
Calibration number is now: 47789
Line 868 numbers: 1
Line 868 total: 11
Calibration number is now: 47800
Line 869 numbers: 7,9
Line 869 total: 79
Calibration number is now: 47879
Line 870 numbers: 5,5,9
Line 870 total: 59
Calibration number is now: 47938
Line 871 numbers: 4,1
Line 871 total: 41
Calibration number is now: 47979
Line 872 numbers: 6
Line 872 total: 66
Calibration number is now: 48045
Line 873 numbers: 6,8,2,2
Line 873 total: 62
Calibration number is now: 48107
Line 874 numbers: 6
Line 874 total: 66
Calibration number is now: 48173
Line 875 numbers: 4,2,3
Line 875 total: 43
Calibration number is now: 48216
Line 876 numbers: 2,2,4
Line 876 total: 24
Calibration number is now: 48240
Line 877 numbers: 3,2
Line 877 total: 32
Calibration number is now: 48272
Line 878 numbers: 6,1,9,2
Line 878 total: 62
Calibration number is now: 48334
Line 879 numbers: 2
Line 879 total: 22
Calibration number is now: 48356
Line 880 numbers: 8,9,1
Line 880 total: 81
Calibration number is now: 48437
Line 881 numbers: 9
Line 881 total: 99
Calibration number is now: 48536
Line 882 numbers: 1
Line 882 total: 11
Calibration number is now: 48547
Line 883 numbers: 6
Line 883 total: 66
Calibration number is now: 48613
Line 884 numbers: 5
Line 884 total: 55
Calibration number is now: 48668
Line 885 numbers: 3,8
Line 885 total: 38
Calibration number is now: 48706
Line 886 numbers: 1
Line 886 total: 11
Calibration number is now: 48717
Line 887 numbers: 9,6,5,6
Line 887 total: 96
Calibration number is now: 48813
Line 888 numbers: 4,5
Line 888 total: 45
Calibration number is now: 48858
Line 889 numbers: 1,7,1,6
Line 889 total: 16
Calibration number is now: 48874
Line 890 numbers: 5,3
Line 890 total: 53
Calibration number is now: 48927
Line 891 numbers: 4,2,7
Line 891 total: 47
Calibration number is now: 48974
Line 892 numbers: 8,9,3,4
Line 892 total: 84
Calibration number is now: 49058
Line 893 numbers: 4
Line 893 total: 44
Calibration number is now: 49102
Line 894 numbers: 2,2,9
Line 894 total: 29
Calibration number is now: 49131
Line 895 numbers: 2,9,6
Line 895 total: 26
Calibration number is now: 49157
Line 896 numbers: 4,3,6
Line 896 total: 46
Calibration number is now: 49203
Line 897 numbers: 3
Line 897 total: 33
Calibration number is now: 49236
Line 898 numbers: 2
Line 898 total: 22
Calibration number is now: 49258
Line 899 numbers: 2
Line 899 total: 22
Calibration number is now: 49280
Line 900 numbers: 2
Line 900 total: 22
Calibration number is now: 49302
Line 901 numbers: 4
Line 901 total: 44
Calibration number is now: 49346
Line 902 numbers: 6,8
Line 902 total: 68
Calibration number is now: 49414
Line 903 numbers: 6,2
Line 903 total: 62
Calibration number is now: 49476
Line 904 numbers: 6
Line 904 total: 66
Calibration number is now: 49542
Line 905 numbers: 1,5,2,2,9
Line 905 total: 19
Calibration number is now: 49561
Line 906 numbers: 4,8,5,8
Line 906 total: 48
Calibration number is now: 49609
Line 907 numbers: 4,4,1,3
Line 907 total: 43
Calibration number is now: 49652
Line 908 numbers: 8
Line 908 total: 88
Calibration number is now: 49740
Line 909 numbers: 8,6,9,2,5
Line 909 total: 85
Calibration number is now: 49825
Line 910 numbers: 7
Line 910 total: 77
Calibration number is now: 49902
Line 911 numbers: 5,1
Line 911 total: 51
Calibration number is now: 49953
Line 912 numbers: 6,6,8
Line 912 total: 68
Calibration number is now: 50021
Line 913 numbers: 2
Line 913 total: 22
Calibration number is now: 50043
Line 914 numbers: 3,9
Line 914 total: 39
Calibration number is now: 50082
Line 915 numbers: 8,8
Line 915 total: 88
Calibration number is now: 50170
Line 916 numbers: 7,9,6
Line 916 total: 76
Calibration number is now: 50246
Line 917 numbers: 1,1,3
Line 917 total: 13
Calibration number is now: 50259
Line 918 numbers: 2,5
Line 918 total: 25
Calibration number is now: 50284
Line 919 numbers: 8,8,1
Line 919 total: 81
Calibration number is now: 50365
Line 920 numbers: 2,4,6,2,3
Line 920 total: 23
Calibration number is now: 50388
Line 921 numbers: 9
Line 921 total: 99
Calibration number is now: 50487
Line 922 numbers: 8,7
Line 922 total: 87
Calibration number is now: 50574
Line 923 numbers: 3,4,5,1,4,3
Line 923 total: 33
Calibration number is now: 50607
Line 924 numbers: 7,7
Line 924 total: 77
Calibration number is now: 50684
Line 925 numbers: 4,4,8
Line 925 total: 48
Calibration number is now: 50732
Line 926 numbers: 2
Line 926 total: 22
Calibration number is now: 50754
Line 927 numbers: 1
Line 927 total: 11
Calibration number is now: 50765
Line 928 numbers: 9
Line 928 total: 99
Calibration number is now: 50864
Line 929 numbers: 4
Line 929 total: 44
Calibration number is now: 50908
Line 930 numbers: 1,5,1
Line 930 total: 11
Calibration number is now: 50919
Line 931 numbers: 6,8,2,9
Line 931 total: 69
Calibration number is now: 50988
Line 932 numbers: 9,6
Line 932 total: 96
Calibration number is now: 51084
Line 933 numbers: 3,3
Line 933 total: 33
Calibration number is now: 51117
Line 934 numbers: 1,4
Line 934 total: 14
Calibration number is now: 51131
Line 935 numbers: 8
Line 935 total: 88
Calibration number is now: 51219
Line 936 numbers: 4,1,1
Line 936 total: 41
Calibration number is now: 51260
Line 937 numbers: 9
Line 937 total: 99
Calibration number is now: 51359
Line 938 numbers: 2,6,7
Line 938 total: 27
Calibration number is now: 51386
Line 939 numbers: 6,3,3,3,2
Line 939 total: 62
Calibration number is now: 51448
Line 940 numbers: 5,8,3,7
Line 940 total: 57
Calibration number is now: 51505
Line 941 numbers: 5,5,7
Line 941 total: 57
Calibration number is now: 51562
Line 942 numbers: 7,5
Line 942 total: 75
Calibration number is now: 51637
Line 943 numbers: 1,2,6,3
Line 943 total: 13
Calibration number is now: 51650
Line 944 numbers: 1
Line 944 total: 11
Calibration number is now: 51661
Line 945 numbers: 7,3
Line 945 total: 73
Calibration number is now: 51734
Line 946 numbers: 2,6,9
Line 946 total: 29
Calibration number is now: 51763
Line 947 numbers: 1,2,6
Line 947 total: 16
Calibration number is now: 51779
Line 948 numbers: 5,6,2
Line 948 total: 52
Calibration number is now: 51831
Line 949 numbers: 8
Line 949 total: 88
Calibration number is now: 51919
Line 950 numbers: 4,7
Line 950 total: 47
Calibration number is now: 51966
Line 951 numbers: 5,1
Line 951 total: 51
Calibration number is now: 52017
Line 952 numbers: 9,5
Line 952 total: 95
Calibration number is now: 52112
Line 953 numbers: 8
Line 953 total: 88
Calibration number is now: 52200
Line 954 numbers: 5
Line 954 total: 55
Calibration number is now: 52255
Line 955 numbers: 1
Line 955 total: 11
Calibration number is now: 52266
Line 956 numbers: 7
Line 956 total: 77
Calibration number is now: 52343
Line 957 numbers: 1,8
Line 957 total: 18
Calibration number is now: 52361
Line 958 numbers: 2,1
Line 958 total: 21
Calibration number is now: 52382
Line 959 numbers: 1
Line 959 total: 11
Calibration number is now: 52393
Line 960 numbers: 2
Line 960 total: 22
Calibration number is now: 52415
Line 961 numbers: 8,4
Line 961 total: 84
Calibration number is now: 52499
Line 962 numbers: 5
Line 962 total: 55
Calibration number is now: 52554
Line 963 numbers: 7,7,8,7
Line 963 total: 77
Calibration number is now: 52631
Line 964 numbers: 1,7
Line 964 total: 17
Calibration number is now: 52648
Line 965 numbers: 1
Line 965 total: 11
Calibration number is now: 52659
Line 966 numbers: 2
Line 966 total: 22
Calibration number is now: 52681
Line 967 numbers: 4
Line 967 total: 44
Calibration number is now: 52725
Line 968 numbers: 3,4,4
Line 968 total: 34
Calibration number is now: 52759
Line 969 numbers: 9,4
Line 969 total: 94
Calibration number is now: 52853
Line 970 numbers: 6,5,8
Line 970 total: 68
Calibration number is now: 52921
Line 971 numbers: 6,2
Line 971 total: 62
Calibration number is now: 52983
Line 972 numbers: 9,7
Line 972 total: 97
Calibration number is now: 53080
Line 973 numbers: 9
Line 973 total: 99
Calibration number is now: 53179
Line 974 numbers: 9
Line 974 total: 99
Calibration number is now: 53278
Line 975 numbers: 3
Line 975 total: 33
Calibration number is now: 53311
Line 976 numbers: 7
Line 976 total: 77
Calibration number is now: 53388
Line 977 numbers: 1,1
Line 977 total: 11
Calibration number is now: 53399
Line 978 numbers: 1,7
Line 978 total: 17
Calibration number is now: 53416
Line 979 numbers: 1,7
Line 979 total: 17
Calibration number is now: 53433
Line 980 numbers: 6,5
Line 980 total: 65
Calibration number is now: 53498
Line 981 numbers: 4,9,6,3
Line 981 total: 43
Calibration number is now: 53541
Line 982 numbers: 6
Line 982 total: 66
Calibration number is now: 53607
Line 983 numbers: 4,9,5
Line 983 total: 45
Calibration number is now: 53652
Line 984 numbers: 4
Line 984 total: 44
Calibration number is now: 53696
Line 985 numbers: 7,6,7
Line 985 total: 77
Calibration number is now: 53773
Line 986 numbers: 2
Line 986 total: 22
Calibration number is now: 53795
Line 987 numbers: 7
Line 987 total: 77
Calibration number is now: 53872
Line 988 numbers: 5,7
Line 988 total: 57
Calibration number is now: 53929
Line 989 numbers: 3,1
Line 989 total: 31
Calibration number is now: 53960
Line 990 numbers: 9,4,8,3,2,9
Line 990 total: 99
Calibration number is now: 54059
Line 991 numbers: 8
Line 991 total: 88
Calibration number is now: 54147
Line 992 numbers: 5,2,8,3
Line 992 total: 53
Calibration number is now: 54200
Line 993 numbers: 9
Line 993 total: 99
Calibration number is now: 54299
Line 994 numbers: 1,5,7
Line 994 total: 17
Calibration number is now: 54316
Line 995 numbers: 3
Line 995 total: 33
Calibration number is now: 54349
Line 996 numbers: 4
Line 996 total: 44
Calibration number is now: 54393
Line 997 numbers: 9,5,1,4,6,2
Line 997 total: 92
Calibration number is now: 54485
Line 998 numbers: 6,3,6
Line 998 total: 66
Calibration number is now: 54551
Line 999 numbers: 6,1,8,1
Line 999 total: 61
Calibration number is now: 54612
Line 1000 numbers: 5,5
Line 1000 total: 55
Calibration number is now: 54667
